<?xml version="1.0" encoding="UTF-8"?>
<!-- Generated by org.testng.reporters.JUnitReportReporter -->
<testsuite skipped="0" hostname="Web-PC" name="tests.UploadFileTest" tests="1" failures="0" timestamp="26 Aug 2019 07:33:27 GMT" time="6.744" errors="0">
  <testcase name="verifyEmployeInformationFileUpload" time="6.744" classname="tests.UploadFileTest"/>
</testsuite> <!-- tests.UploadFileTest -->
