<?xml version="1.0" encoding="UTF-8"?>
<!-- Generated by org.testng.reporters.JUnitReportReporter -->
<testsuite skipped="0" hostname="Web-PC" name="tests.LoginTest" tests="1" failures="0" timestamp="19 Jul 2019 11:49:34 GMT" time="158.330" errors="0">
  <testcase name="verifyInvalidLoginValidationMessage" time="158.330" classname="tests.LoginTest"/>
</testsuite> <!-- tests.LoginTest -->
